TN:
SF:/Users/user/git/bitbucket/sniper/sniper/sniper-js/src/main.js
FN:21,(anonymous_0)
FN:37,(anonymous_1)
FN:38,(anonymous_2)
FN:52,(anonymous_3)
FN:65,(anonymous_4)
FN:70,(anonymous_5)
FN:80,(anonymous_6)
FN:85,(anonymous_7)
FN:104,(anonymous_8)
FN:115,(anonymous_9)
FN:180,(anonymous_10)
FN:181,(anonymous_11)
FN:202,(anonymous_12)
FN:206,(anonymous_13)
FN:217,(anonymous_14)
FN:230,(anonymous_15)
FN:247,(anonymous_16)
FN:251,(anonymous_17)
FN:256,(anonymous_18)
FN:260,(anonymous_19)
FN:264,(anonymous_20)
FNF:21
FNH:16
FNDA:1,(anonymous_0)
FNDA:1,(anonymous_1)
FNDA:1,(anonymous_2)
FNDA:1,(anonymous_3)
FNDA:1,(anonymous_4)
FNDA:0,(anonymous_5)
FNDA:1,(anonymous_6)
FNDA:1,(anonymous_7)
FNDA:1,(anonymous_8)
FNDA:1,(anonymous_9)
FNDA:1,(anonymous_10)
FNDA:1,(anonymous_11)
FNDA:0,(anonymous_12)
FNDA:0,(anonymous_13)
FNDA:2,(anonymous_14)
FNDA:2,(anonymous_15)
FNDA:1,(anonymous_16)
FNDA:1,(anonymous_17)
FNDA:0,(anonymous_18)
FNDA:0,(anonymous_19)
FNDA:2,(anonymous_20)
DA:16,1
DA:17,1
DA:22,1
DA:23,1
DA:25,1
DA:26,1
DA:27,1
DA:28,1
DA:38,1
DA:39,1
DA:41,1
DA:47,1
DA:53,1
DA:54,1
DA:55,0
DA:56,0
DA:58,1
DA:59,0
DA:61,1
DA:66,1
DA:71,0
DA:72,0
DA:73,0
DA:75,0
DA:81,1
DA:86,1
DA:115,1
DA:116,1
DA:117,1
DA:130,1
DA:131,0
DA:134,1
DA:135,1
DA:137,1
DA:138,1
DA:140,0
DA:141,0
DA:145,1
DA:146,1
DA:147,1
DA:148,1
DA:149,0
DA:150,0
DA:153,1
DA:154,1
DA:155,1
DA:156,1
DA:160,1
DA:162,1
DA:181,1
DA:182,1
DA:183,0
DA:185,1
DA:186,0
DA:189,1
DA:190,1
DA:191,0
DA:192,0
DA:193,0
DA:196,1
DA:197,1
DA:203,0
DA:207,0
DA:218,2
DA:231,2
DA:232,2
DA:241,0
DA:243,2
DA:248,1
DA:252,1
DA:261,0
DA:265,2
LF:72
LH:51
BRDA:23,0,0,0
BRDA:23,0,1,1
BRDA:27,1,0,0
BRDA:27,1,1,1
BRDA:54,2,0,0
BRDA:54,2,1,1
BRDA:58,3,0,0
BRDA:58,3,1,1
BRDA:71,4,0,0
BRDA:71,4,1,0
BRDA:71,5,0,0
BRDA:71,5,1,0
BRDA:113,6,0,0
BRDA:116,7,0,0
BRDA:116,7,1,1
BRDA:121,8,0,0
BRDA:121,8,1,1
BRDA:130,9,0,0
BRDA:130,9,1,1
BRDA:148,10,0,0
BRDA:148,10,1,1
BRDA:149,11,0,0
BRDA:149,11,1,0
BRDA:154,12,0,1
BRDA:154,12,1,0
BRDA:155,13,0,1
BRDA:155,13,1,0
BRDA:160,14,0,0
BRDA:160,14,1,1
BRDA:182,15,0,0
BRDA:182,15,1,1
BRDA:185,16,0,0
BRDA:185,16,1,1
BRDA:190,17,0,0
BRDA:190,17,1,1
BRDA:232,18,0,0
BRDA:232,18,1,2
BRDA:233,19,0,2
BRDA:233,19,1,2
BRDA:233,19,2,2
BRDA:233,19,3,2
BRDA:233,19,4,2
BRDA:233,19,5,2
BRDA:233,19,6,2
BRF:44
BRH:22
end_of_record
TN:
SF:/Users/user/git/bitbucket/sniper/sniper/sniper-js/src/component/Firebase/Firebase.js
FN:11,(anonymous_0)
FN:30,(anonymous_1)
FN:31,(anonymous_2)
FN:42,(anonymous_3)
FN:45,(anonymous_4)
FN:58,(anonymous_5)
FN:59,(anonymous_6)
FN:69,(anonymous_7)
FN:71,(anonymous_8)
FN:87,(anonymous_9)
FN:94,(anonymous_10)
FN:96,(anonymous_11)
FN:100,(anonymous_12)
FN:112,(anonymous_13)
FN:113,(anonymous_14)
FN:119,(anonymous_15)
FN:121,(anonymous_16)
FN:125,(anonymous_17)
FNF:18
FNH:11
FNDA:1,(anonymous_0)
FNDA:1,(anonymous_1)
FNDA:1,(anonymous_2)
FNDA:0,(anonymous_3)
FNDA:1,(anonymous_4)
FNDA:1,(anonymous_5)
FNDA:1,(anonymous_6)
FNDA:1,(anonymous_7)
FNDA:0,(anonymous_8)
FNDA:0,(anonymous_9)
FNDA:0,(anonymous_10)
FNDA:0,(anonymous_11)
FNDA:0,(anonymous_12)
FNDA:2,(anonymous_13)
FNDA:2,(anonymous_14)
FNDA:2,(anonymous_15)
FNDA:81,(anonymous_16)
FNDA:0,(anonymous_17)
DA:8,1
DA:12,1
DA:13,1
DA:15,1
DA:20,1
DA:31,1
DA:32,1
DA:33,1
DA:34,1
DA:36,0
DA:37,0
DA:40,1
DA:43,0
DA:46,1
DA:59,1
DA:60,1
DA:61,1
DA:62,1
DA:64,0
DA:65,0
DA:68,1
DA:70,1
DA:72,0
DA:88,0
DA:89,0
DA:90,0
DA:92,0
DA:95,0
DA:96,0
DA:97,0
DA:99,0
DA:101,0
DA:113,2
DA:114,2
DA:116,2
DA:120,2
DA:121,2
DA:122,81
DA:124,2
DA:126,0
LF:40
LH:24
BRDA:72,0,0,0
BRDA:72,0,1,0
BRDA:88,1,0,0
BRDA:88,1,1,0
BRF:4
BRH:0
end_of_record
TN:
SF:/Users/user/git/bitbucket/sniper/sniper/sniper-js/src/component/Firebase/index.js
FNF:0
FNH:0
LF:0
LH:0
BRF:0
BRH:0
end_of_record
TN:
SF:/Users/user/git/bitbucket/sniper/sniper/sniper-js/src/component/Util/Util.js
FN:21,(anonymous_0)
FN:32,(anonymous_1)
FN:42,(anonymous_2)
FN:55,(anonymous_3)
FN:66,(anonymous_4)
FN:77,(anonymous_5)
FN:90,(anonymous_6)
FN:136,(anonymous_7)
FN:137,(anonymous_8)
FN:164,(anonymous_9)
FN:195,(anonymous_10)
FN:215,(anonymous_11)
FN:233,(anonymous_12)
FNF:13
FNH:11
FNDA:9,(anonymous_0)
FNDA:12,(anonymous_1)
FNDA:2,(anonymous_2)
FNDA:0,(anonymous_3)
FNDA:0,(anonymous_4)
FNDA:2,(anonymous_5)
FNDA:2,(anonymous_6)
FNDA:1,(anonymous_7)
FNDA:1,(anonymous_8)
FNDA:3,(anonymous_9)
FNDA:1,(anonymous_10)
FNDA:1,(anonymous_11)
FNDA:2,(anonymous_12)
DA:6,1
DA:7,1
DA:8,1
DA:9,1
DA:22,9
DA:33,12
DA:43,2
DA:44,2
DA:45,2
DA:56,0
DA:67,0
DA:78,2
DA:79,2
DA:80,2
DA:91,2
DA:92,2
DA:93,2
DA:94,2
DA:96,2
DA:97,2
DA:98,2
DA:100,2
DA:101,2
DA:103,2
DA:104,0
DA:107,0
DA:109,2
DA:113,2
DA:115,0
DA:116,0
DA:121,2
DA:122,2
DA:125,2
DA:137,1
DA:138,1
DA:139,0
DA:142,1
DA:143,1
DA:144,1
DA:146,0
DA:149,1
DA:150,1
DA:152,0
DA:165,3
DA:185,3
DA:196,1
DA:197,1
DA:198,1
DA:199,1
DA:200,1
DA:201,1
DA:216,1
DA:217,1
DA:234,2
DA:235,2
DA:236,2
DA:237,2
DA:243,2
DA:244,2
DA:246,0
DA:247,0
LF:61
LH:50
BRDA:92,0,0,0
BRDA:92,0,1,2
BRDA:93,1,0,0
BRDA:93,1,1,2
BRDA:94,2,0,0
BRDA:94,2,1,2
BRDA:96,3,0,2
BRDA:96,3,1,0
BRDA:97,4,0,2
BRDA:97,4,1,0
BRDA:100,5,0,2
BRDA:100,5,1,0
BRDA:103,6,0,0
BRDA:103,6,1,2
BRDA:109,7,0,2
BRDA:109,7,1,0
BRDA:110,8,0,2
BRDA:110,8,1,2
BRDA:113,9,0,0
BRDA:113,9,1,2
BRDA:121,10,0,2
BRDA:121,10,1,0
BRDA:138,11,0,0
BRDA:138,11,1,1
BRDA:149,12,0,1
BRDA:149,12,1,0
BRDA:198,13,0,0
BRDA:198,13,1,1
BRF:28
BRH:15
end_of_record
TN:
SF:/Users/user/git/bitbucket/sniper/sniper/sniper-js/src/component/Util/index.js
FNF:0
FNH:0
LF:0
LH:0
BRF:0
BRH:0
end_of_record
TN:
SF:/Users/user/git/bitbucket/sniper/sniper/sniper-js/src/component/Web3lib/Web3lib.js
FN:8,(anonymous_0)
FN:21,(anonymous_1)
FN:36,(anonymous_2)
FN:41,(anonymous_3)
FN:55,(anonymous_4)
FN:83,(anonymous_5)
FN:93,(anonymous_6)
FN:110,(anonymous_7)
FN:121,(anonymous_8)
FN:122,(anonymous_9)
FN:157,(anonymous_10)
FN:158,(anonymous_11)
FNF:12
FNH:9
FNDA:1,(anonymous_0)
FNDA:1,(anonymous_1)
FNDA:0,(anonymous_2)
FNDA:1,(anonymous_3)
FNDA:1,(anonymous_4)
FNDA:0,(anonymous_5)
FNDA:1,(anonymous_6)
FNDA:0,(anonymous_7)
FNDA:2,(anonymous_8)
FNDA:2,(anonymous_9)
FNDA:1,(anonymous_10)
FNDA:1,(anonymous_11)
DA:4,1
DA:9,1
DA:10,1
DA:11,1
DA:12,1
DA:22,1
DA:23,0
DA:25,1
DA:26,1
DA:37,0
DA:42,1
DA:57,1
DA:58,0
DA:59,0
DA:62,1
DA:67,1
DA:72,1
DA:84,0
DA:94,1
DA:99,1
DA:111,0
DA:122,2
DA:123,2
DA:126,2
DA:127,2
DA:128,2
DA:129,2
DA:131,2
DA:132,2
DA:137,2
DA:138,2
DA:142,2
DA:143,2
DA:145,2
DA:158,1
DA:159,1
DA:161,1
DA:162,0
DA:164,1
DA:165,1
DA:166,1
DA:169,1
DA:171,1
LF:43
LH:36
BRDA:12,0,0,1
BRDA:12,0,1,0
BRDA:22,1,0,0
BRDA:22,1,1,1
BRDA:22,2,0,1
BRDA:22,2,1,0
BRDA:57,3,0,0
BRDA:57,3,1,1
BRDA:57,4,0,1
BRDA:57,4,1,1
BRDA:57,4,2,1
BRDA:57,4,3,1
BRDA:131,5,0,2
BRDA:131,5,1,0
BRDA:142,6,0,2
BRDA:142,6,1,0
BRDA:161,7,0,0
BRDA:161,7,1,1
BRDA:164,8,0,1
BRDA:164,8,1,0
BRDA:169,9,0,1
BRDA:169,9,1,0
BRF:22
BRH:13
end_of_record
TN:
SF:/Users/user/git/bitbucket/sniper/sniper/sniper-js/src/component/Web3lib/index.js
FNF:0
FNH:0
LF:0
LH:0
BRF:0
BRH:0
end_of_record
